[2020-08-08 10:31:59.588] [sharedprocess] [info] main {"machineId":"ac6bddb2cd3c4761bb541b449b8c60eea83811a0955069e61e625cae16137b71","windowId":2}
[2020-08-08 10:31:59.705] [sharedprocess] [error] [File Watcher (node.js)] Error: ENOENT: no such file or directory, stat '/home/zulfi/project-freelance-ubuntu/djk-admin-2/~/.vscode-root/User/snippets'
[2020-08-08 10:32:39.627] [sharedprocess] [info] Starting to clean up unused language packs.
[2020-08-08 10:45:00.413] [sharedprocess] [info] Installing extension: dsznajder.es7-react-js-snippets
[2020-08-08 10:45:03.827] [sharedprocess] [info] Downloaded extension: dsznajder.es7-react-js-snippets /home/zulfi/project-freelance-ubuntu/djk-admin-2/~/.vscode-root/CachedExtensionVSIXs/dsznajder.es7-react-js-snippets-2.8.2
[2020-08-08 10:45:03.997] [sharedprocess] [info] Extracted extension to /root/.vscode/extensions/.dsznajder.es7-react-js-snippets-2.8.2: dsznajder.es7-react-js-snippets
[2020-08-08 10:45:03.997] [sharedprocess] [info] Renamed to /root/.vscode/extensions/dsznajder.es7-react-js-snippets-2.8.2
[2020-08-08 10:45:03.998] [sharedprocess] [info] Installation completed. dsznajder.es7-react-js-snippets
[2020-08-08 10:45:04.060] [sharedprocess] [info] Extensions installed successfully: dsznajder.es7-react-js-snippets
[2020-08-08 10:49:24.245] [sharedprocess] [info] Installing extension: riazxrazor.html-to-jsx
[2020-08-08 10:49:58.151] [sharedprocess] [info] Downloaded extension: riazxrazor.html-to-jsx /home/zulfi/project-freelance-ubuntu/djk-admin-2/~/.vscode-root/CachedExtensionVSIXs/riazxrazor.html-to-jsx-0.0.1
[2020-08-08 10:50:03.500] [sharedprocess] [info] Extracted extension to /root/.vscode/extensions/.riazxrazor.html-to-jsx-0.0.1: riazxrazor.html-to-jsx
[2020-08-08 10:50:03.500] [sharedprocess] [info] Renamed to /root/.vscode/extensions/riazxrazor.html-to-jsx-0.0.1
[2020-08-08 10:50:03.501] [sharedprocess] [info] Installation completed. riazxrazor.html-to-jsx
[2020-08-08 10:50:03.585] [sharedprocess] [info] Extensions installed successfully: riazxrazor.html-to-jsx
[2020-08-08 10:50:19.095] [sharedprocess] [info] Installing extension: esbenp.prettier-vscode
[2020-08-08 10:50:32.559] [sharedprocess] [info] Downloaded extension: esbenp.prettier-vscode /home/zulfi/project-freelance-ubuntu/djk-admin-2/~/.vscode-root/CachedExtensionVSIXs/esbenp.prettier-vscode-5.1.3
[2020-08-08 10:50:32.888] [sharedprocess] [info] Extracted extension to /root/.vscode/extensions/.esbenp.prettier-vscode-5.1.3: esbenp.prettier-vscode
[2020-08-08 10:50:32.888] [sharedprocess] [info] Renamed to /root/.vscode/extensions/esbenp.prettier-vscode-5.1.3
[2020-08-08 10:50:32.889] [sharedprocess] [info] Installation completed. esbenp.prettier-vscode
[2020-08-08 10:50:32.947] [sharedprocess] [info] Extensions installed successfully: esbenp.prettier-vscode
