[2020-08-08 10:31:58.341] [exthost] [info] extension host started
[2020-08-08 10:31:58.431] [exthost] [info] ExtensionService#_doActivateExtension vscode.debug-auto-launch {"startup":true,"extensionId":{"value":"vscode.debug-auto-launch","_lower":"vscode.debug-auto-launch"},"activationEvent":"*"}
[2020-08-08 10:31:58.432] [exthost] [info] ExtensionService#loadCommonJSModule file:///usr/share/code/resources/app/extensions/debug-auto-launch/dist/extension
[2020-08-08 10:31:58.443] [exthost] [info] ExtensionService#_doActivateExtension vscode.emmet {"startup":true,"extensionId":{"value":"vscode.emmet","_lower":"vscode.emmet"},"activationEvent":"*"}
[2020-08-08 10:31:58.446] [exthost] [info] ExtensionService#loadCommonJSModule file:///usr/share/code/resources/app/extensions/emmet/dist/extension
[2020-08-08 10:31:58.487] [exthost] [info] ExtensionService#_doActivateExtension vscode.git {"startup":true,"extensionId":{"value":"vscode.github","_lower":"vscode.github"},"activationEvent":"*"}
[2020-08-08 10:31:58.487] [exthost] [info] ExtensionService#loadCommonJSModule file:///usr/share/code/resources/app/extensions/git/dist/main
[2020-08-08 10:31:58.584] [exthost] [info] ExtensionService#_doActivateExtension vscode.github-authentication {"startup":true,"extensionId":{"value":"vscode.github-authentication","_lower":"vscode.github-authentication"},"activationEvent":"*"}
[2020-08-08 10:31:58.584] [exthost] [info] ExtensionService#loadCommonJSModule file:///usr/share/code/resources/app/extensions/github-authentication/dist/extension.js
[2020-08-08 10:31:58.603] [exthost] [info] ExtensionService#_doActivateExtension vscode.merge-conflict {"startup":true,"extensionId":{"value":"vscode.merge-conflict","_lower":"vscode.merge-conflict"},"activationEvent":"*"}
[2020-08-08 10:31:58.603] [exthost] [info] ExtensionService#loadCommonJSModule file:///usr/share/code/resources/app/extensions/merge-conflict/dist/mergeConflictMain
[2020-08-08 10:31:58.620] [exthost] [info] ExtensionService#_doActivateExtension vscode.microsoft-authentication {"startup":true,"extensionId":{"value":"vscode.microsoft-authentication","_lower":"vscode.microsoft-authentication"},"activationEvent":"*"}
[2020-08-08 10:31:58.620] [exthost] [info] ExtensionService#loadCommonJSModule file:///usr/share/code/resources/app/extensions/microsoft-authentication/dist/extension.js
[2020-08-08 10:31:58.636] [exthost] [info] ExtensionService#_doActivateExtension vscode.search-result {"startup":true,"extensionId":{"value":"vscode.search-result","_lower":"vscode.search-result"},"activationEvent":"*"}
[2020-08-08 10:31:58.636] [exthost] [info] ExtensionService#loadCommonJSModule file:///usr/share/code/resources/app/extensions/search-result/dist/extension.js
[2020-08-08 10:31:58.710] [exthost] [info] ExtensionService#_doActivateExtension vscode.npm {"startup":true,"extensionId":{"value":"vscode.npm","_lower":"vscode.npm"},"activationEvent":"workspaceContains:package.json"}
[2020-08-08 10:31:58.710] [exthost] [info] ExtensionService#loadCommonJSModule file:///usr/share/code/resources/app/extensions/npm/dist/npmMain
[2020-08-08 10:31:58.771] [exthost] [info] ExtensionService#_doActivateExtension vscode.github {"startup":true,"extensionId":{"value":"vscode.github","_lower":"vscode.github"},"activationEvent":"*"}
[2020-08-08 10:31:58.771] [exthost] [info] ExtensionService#loadCommonJSModule file:///usr/share/code/resources/app/extensions/github/dist/extension.js
[2020-08-08 10:31:58.817] [exthost] [info] eager extensions activated
[2020-08-08 10:32:31.494] [exthost] [info] ExtensionService#_doActivateExtension vscode.html-language-features {"startup":false,"extensionId":{"value":"vscode.html-language-features","_lower":"vscode.html-language-features"},"activationEvent":"onLanguage:html"}
[2020-08-08 10:32:31.494] [exthost] [info] ExtensionService#loadCommonJSModule file:///usr/share/code/resources/app/extensions/html-language-features/client/dist/node/htmlClientMain
[2020-08-08 10:40:09.472] [exthost] [info] ExtensionService#_doActivateExtension vscode.typescript-language-features {"startup":false,"extensionId":{"value":"vscode.typescript-language-features","_lower":"vscode.typescript-language-features"},"activationEvent":"onLanguage:javascript"}
[2020-08-08 10:40:09.473] [exthost] [info] ExtensionService#loadCommonJSModule file:///usr/share/code/resources/app/extensions/typescript-language-features/dist/extension
[2020-08-08 10:40:38.376] [exthost] [error] [vscode.typescript-language-features] provider FAILED
[2020-08-08 10:40:38.381] [exthost] [error] Error: <syntax> TypeScript Server Error (3.9.6)
Debug Failure. False expression: Expected line to be non-zero
Error: Debug Failure. False expression: Expected line to be non-zero
    at failIfInvalidLocation (/usr/share/code/resources/app/extensions/node_modules/typescript/lib/tsserver.js:142443:22)
    at ScriptInfo.positionToLineOffset (/usr/share/code/resources/app/extensions/node_modules/typescript/lib/tsserver.js:142416:17)
    at toProtocolTextSpan (/usr/share/code/resources/app/extensions/node_modules/typescript/lib/tsserver.js:149627:35)
    at /usr/share/code/resources/app/extensions/node_modules/typescript/lib/tsserver.js:149157:68
    at Array.map (<anonymous>)
    at IOSession.Session.toLocationNavigationTree (/usr/share/code/resources/app/extensions/node_modules/typescript/lib/tsserver.js:149157:39)
    at IOSession.Session.getNavigationTree (/usr/share/code/resources/app/extensions/node_modules/typescript/lib/tsserver.js:149168:32)
    at Session.handlers.ts.createMapFromTemplate._a.<computed> (/usr/share/code/resources/app/extensions/node_modules/typescript/lib/tsserver.js:148011:61)
    at /usr/share/code/resources/app/extensions/node_modules/typescript/lib/tsserver.js:149553:88
    at IOSession.Session.executeWithRequestId (/usr/share/code/resources/app/extensions/node_modules/typescript/lib/tsserver.js:149544:28)
    at IOSession.Session.executeCommand (/usr/share/code/resources/app/extensions/node_modules/typescript/lib/tsserver.js:149553:33)
    at IOSession.Session.onMessage (/usr/share/code/resources/app/extensions/node_modules/typescript/lib/tsserver.js:149577:35)
    at Interface.<anonymous> (/usr/share/code/resources/app/extensions/node_modules/typescript/lib/tsserver.js:150893:27)
    at Interface.emit (events.js:203:13)
    at Interface._onLine (readline.js:316:10)
    at Interface._normalWrite (readline.js:461:12)
    at Socket.ondata (readline.js:172:10)
    at Socket.emit (events.js:203:13)
    at addChunk (_stream_readable.js:295:12)
    at readableAddChunk (_stream_readable.js:276:11)
    at Socket.Readable.push (_stream_readable.js:210:10)
    at Pipe.onStreamRead (internal/stream_base_commons.js:166:17)
	at Function.create (/usr/share/code/resources/app/extensions/typescript-language-features/dist/extension.js:1:55161)
	at h.dispatchResponse (/usr/share/code/resources/app/extensions/typescript-language-features/dist/extension.js:1:227777)
	at h.dispatchMessage (/usr/share/code/resources/app/extensions/typescript-language-features/dist/extension.js:1:226697)
	at /usr/share/code/resources/app/extensions/typescript-language-features/dist/extension.js:1:226173
	at l.fire (/usr/share/code/resources/app/out/vs/workbench/services/extensions/node/extensionHostProcess.js:45:801)
	at l.onLengthData (/usr/share/code/resources/app/extensions/typescript-language-features/dist/extension.js:1:235493)
	at Socket.<anonymous> (/usr/share/code/resources/app/extensions/typescript-language-features/dist/extension.js:1:235141)
	at Socket.emit (events.js:203:13)
	at addChunk (_stream_readable.js:295:12)
	at readableAddChunk (_stream_readable.js:276:11)
	at Socket.Readable.push (_stream_readable.js:210:10)
	at Pipe.onStreamRead (internal/stream_base_commons.js:166:17)
[2020-08-08 10:43:41.042] [exthost] [error] [vscode.typescript-language-features] provider FAILED
[2020-08-08 10:43:41.044] [exthost] [error] Error: <semantic> TypeScript Server Error (3.9.6)
Debug Failure. False expression: Token end is child end
Error: Debug Failure. False expression: Token end is child end
    at processChildNode (/usr/share/code/resources/app/extensions/node_modules/typescript/lib/tsserver.js:124957:34)
    at /usr/share/code/resources/app/extensions/node_modules/typescript/lib/tsserver.js:124893:21
    at visitNode (/usr/share/code/resources/app/extensions/node_modules/typescript/lib/tsserver.js:18795:24)
    at Object.forEachChild (/usr/share/code/resources/app/extensions/node_modules/typescript/lib/tsserver.js:19146:21)
    at processNode (/usr/share/code/resources/app/extensions/node_modules/typescript/lib/tsserver.js:124892:20)
    at formatSpanWorker (/usr/share/code/resources/app/extensions/node_modules/typescript/lib/tsserver.js:124705:17)
    at /usr/share/code/resources/app/extensions/node_modules/typescript/lib/tsserver.js:124669:140
    at Object.getFormattingScanner (/usr/share/code/resources/app/extensions/node_modules/typescript/lib/tsserver.js:123305:23)
    at Object.formatNodeGivenIndentation (/usr/share/code/resources/app/extensions/node_modules/typescript/lib/tsserver.js:124669:31)
    at getFormattedTextOfNode (/usr/share/code/resources/app/extensions/node_modules/typescript/lib/tsserver.js:126879:45)
    at format (/usr/share/code/resources/app/extensions/node_modules/typescript/lib/tsserver.js:126849:52)
    at /usr/share/code/resources/app/extensions/node_modules/typescript/lib/tsserver.js:126851:78
    at Array.map (<anonymous>)
    at computeNewText (/usr/share/code/resources/app/extensions/node_modules/typescript/lib/tsserver.js:126851:36)
    at /usr/share/code/resources/app/extensions/node_modules/typescript/lib/tsserver.js:126817:39
    at Object.mapDefined (/usr/share/code/resources/app/extensions/node_modules/typescript/lib/tsserver.js:562:30)
    at /usr/share/code/resources/app/extensions/node_modules/typescript/lib/tsserver.js:126815:42
    at Object.mapDefined (/usr/share/code/resources/app/extensions/node_modules/typescript/lib/tsserver.js:562:30)
    at Object.getTextChangesFromChanges (/usr/share/code/resources/app/extensions/node_modules/typescript/lib/tsserver.js:126801:27)
    at ChangeTracker.getChanges (/usr/share/code/resources/app/extensions/node_modules/typescript/lib/tsserver.js:126769:45)
    at Function.ChangeTracker.with (/usr/share/code/resources/app/extensions/node_modules/typescript/lib/tsserver.js:126222:32)
    at Object.getCodeActions (/usr/share/code/resources/app/extensions/node_modules/typescript/lib/tsserver.js:128891:64)
    at /usr/share/code/resources/app/extensions/node_modules/typescript/lib/tsserver.js:127392:77
    at Object.flatMap (/usr/share/code/resources/app/extensions/node_modules/typescript/lib/tsserver.js:465:25)
    at Object.getFixes (/usr/share/code/resources/app/extensions/node_modules/typescript/lib/tsserver.js:127392:23)
    at /usr/share/code/resources/app/extensions/node_modules/typescript/lib/tsserver.js:139204:35
    at Object.flatMap (/usr/share/code/resources/app/extensions/node_modules/typescript/lib/tsserver.js:465:25)
    at Proxy.getCodeFixesAtPosition (/usr/share/code/resources/app/extensions/node_modules/typescript/lib/tsserver.js:139202:23)
    at IOSession.Session.getCodeFixes (/usr/share/code/resources/app/extensions/node_modules/typescript/lib/tsserver.js:149303:64)
    at Session.handlers.ts.createMapFromTemplate._a.<computed> (/usr/share/code/resources/app/extensions/node_modules/typescript/lib/tsserver.js:148040:61)
    at /usr/share/code/resources/app/extensions/node_modules/typescript/lib/tsserver.js:149553:88
    at IOSession.Session.executeWithRequestId (/usr/share/code/resources/app/extensions/node_modules/typescript/lib/tsserver.js:149544:28)
    at IOSession.Session.executeCommand (/usr/share/code/resources/app/extensions/node_modules/typescript/lib/tsserver.js:149553:33)
    at IOSession.Session.onMessage (/usr/share/code/resources/app/extensions/node_modules/typescript/lib/tsserver.js:149577:35)
    at Interface.<anonymous> (/usr/share/code/resources/app/extensions/node_modules/typescript/lib/tsserver.js:150893:27)
    at Interface.emit (events.js:203:13)
    at Interface._onLine (readline.js:316:10)
    at Interface._normalWrite (readline.js:461:12)
    at Socket.ondata (readline.js:172:10)
    at Socket.emit (events.js:203:13)
    at addChunk (_stream_readable.js:295:12)
    at readableAddChunk (_stream_readable.js:276:11)
    at Socket.Readable.push (_stream_readable.js:210:10)
    at Pipe.onStreamRead (internal/stream_base_commons.js:166:17)
	at Function.create (/usr/share/code/resources/app/extensions/typescript-language-features/dist/extension.js:1:55161)
	at h.dispatchResponse (/usr/share/code/resources/app/extensions/typescript-language-features/dist/extension.js:1:227777)
	at h.dispatchMessage (/usr/share/code/resources/app/extensions/typescript-language-features/dist/extension.js:1:226697)
	at /usr/share/code/resources/app/extensions/typescript-language-features/dist/extension.js:1:226173
	at l.fire (/usr/share/code/resources/app/out/vs/workbench/services/extensions/node/extensionHostProcess.js:45:801)
	at l.onLengthData (/usr/share/code/resources/app/extensions/typescript-language-features/dist/extension.js:1:235493)
	at Socket.<anonymous> (/usr/share/code/resources/app/extensions/typescript-language-features/dist/extension.js:1:235141)
	at Socket.emit (events.js:203:13)
	at addChunk (_stream_readable.js:295:12)
	at readableAddChunk (_stream_readable.js:276:11)
	at Socket.Readable.push (_stream_readable.js:210:10)
	at Pipe.onStreamRead (internal/stream_base_commons.js:166:17)
[2020-08-08 10:50:18.652] [exthost] [info] ExtensionService#_doActivateExtension vscode.configuration-editing {"startup":false,"extensionId":{"value":"vscode.configuration-editing","_lower":"vscode.configuration-editing"},"activationEvent":"onLanguage:json"}
[2020-08-08 10:50:18.653] [exthost] [info] ExtensionService#loadCommonJSModule file:///usr/share/code/resources/app/extensions/configuration-editing/dist/configurationEditingMain
[2020-08-08 10:50:18.700] [exthost] [info] ExtensionService#_doActivateExtension vscode.extension-editing {"startup":false,"extensionId":{"value":"vscode.extension-editing","_lower":"vscode.extension-editing"},"activationEvent":"onLanguage:json"}
[2020-08-08 10:50:18.700] [exthost] [info] ExtensionService#loadCommonJSModule file:///usr/share/code/resources/app/extensions/extension-editing/dist/extension
[2020-08-08 10:50:18.752] [exthost] [info] ExtensionService#_doActivateExtension vscode.json-language-features {"startup":false,"extensionId":{"value":"vscode.json-language-features","_lower":"vscode.json-language-features"},"activationEvent":"onLanguage:json"}
[2020-08-08 10:50:18.753] [exthost] [info] ExtensionService#loadCommonJSModule file:///usr/share/code/resources/app/extensions/json-language-features/client/dist/node/jsonClientMain
[2020-08-08 10:50:18.832] [exthost] [info] ExtensionService#_doActivateExtension ms-vscode.js-debug {"startup":false,"extensionId":{"value":"ms-vscode.js-debug","_lower":"ms-vscode.js-debug"},"activationEvent":"onLanguage:json"}
[2020-08-08 10:50:18.832] [exthost] [info] ExtensionService#loadCommonJSModule file:///usr/share/code/resources/app/extensions/ms-vscode.js-debug/src/extension.js
[2020-08-08 10:50:33.039] [exthost] [info] ExtensionService#_doActivateExtension esbenp.prettier-vscode {"startup":false,"extensionId":{"value":"esbenp.prettier-vscode","_lower":"esbenp.prettier-vscode"},"activationEvent":"*"}
[2020-08-08 10:50:33.039] [exthost] [info] ExtensionService#loadCommonJSModule file:///root/.vscode/extensions/esbenp.prettier-vscode-5.1.3/dist/extension
[2020-08-08 10:50:47.719] [exthost] [info] ExtensionService#_doActivateExtension riazxrazor.html-to-jsx {"startup":false,"extensionId":{"value":"riazxrazor.html-to-jsx","_lower":"riazxrazor.html-to-jsx"},"activationEvent":"onCommand:extension.convertHTMLtoJSX"}
[2020-08-08 10:50:47.719] [exthost] [info] ExtensionService#loadCommonJSModule file:///root/.vscode/extensions/riazxrazor.html-to-jsx-0.0.1/out/extension
